#
# There is insufficient memory for the Java Runtime Environment to continue.
# Native memory allocation (mmap) failed to map 268435456 bytes for G1 virtual space
# Possible reasons:
#   The system is out of physical RAM or swap space
#   The process is running with CompressedOops enabled, and the Java Heap may be blocking the growth of the native heap
# Possible solutions:
#   Reduce memory load on the system
#   Increase physical memory or swap space
#   Check if swap backing store is full
#   Decrease Java heap size (-Xmx/-Xms)
#   Decrease number of Java threads
#   Decrease Java thread stack sizes (-Xss)
#   Set larger code cache with -XX:ReservedCodeCacheSize=
#   JVM is running with Zero Based Compressed Oops mode in which the Java heap is
#     placed in the first 32GB address space. The Java Heap base address is the
#     maximum limit for the native heap growth. Please use -XX:HeapBaseMinAddress
#     to set the Java Heap base and to place the Java Heap above 32GB virtual address.
# This output file may be truncated or incomplete.
#
#  Out of Memory Error (os_windows.cpp:3466), pid=9080, tid=1248
#
# JRE version:  (16.0.2+7) (build )
# Java VM: OpenJDK 64-Bit Server VM (16.0.2+7-67, mixed mode, sharing, tiered, compressed oops, compressed class ptrs, g1 gc, windows-amd64)
# No core dump will be written. Minidumps are not enabled by default on client versions of Windows
#

---------------  S U M M A R Y ------------

Command Line: -XX:TieredStopAtLevel=1 -Xverify:none -Dspring.output.ansi.enabled=always -javaagent:C:\Program Files\JetBrains\IntelliJ IDEA 2020.3.2\lib\idea_rt.jar=59670:C:\Program Files\JetBrains\IntelliJ IDEA 2020.3.2\bin -Dcom.sun.management.jmxremote -Dspring.jmx.enabled=true -Dspring.liveBeansView.mbeanDomain -Dspring.application.admin.enabled=true -Dfile.encoding=UTF-8 com.example.pizzadelivery.PizzaDeliveryApplication

Host: Intel(R) Core(TM) i7-3630QM CPU @ 2.40GHz, 8 cores, 15G,  Windows 10 , 64 bit Build 19041 (10.0.19041.1151)
Time: Tue Aug 17 18:51:32 2021 W. Europe Summer Time elapsed time: 0.018993 seconds (0d 0h 0m 0s)

---------------  T H R E A D  ---------------

Current thread (0x0000018ac5e06c80):  JavaThread "Unknown thread" [_thread_in_vm, id=1248, stack(0x0000007872800000,0x0000007872900000)]

Stack: [0x0000007872800000,0x0000007872900000]
Native frames: (J=compiled Java code, j=interpreted, Vv=VM code, C=native code)
V  [jvm.dll+0x6681ca]
V  [jvm.dll+0x7c9e69]
V  [jvm.dll+0x7cb61e]
V  [jvm.dll+0x7cbc73]
V  [jvm.dll+0x242c55]
V  [jvm.dll+0x664f89]
V  [jvm.dll+0x659b75]
V  [jvm.dll+0x2fbfbb]
V  [jvm.dll+0x3031b6]
V  [jvm.dll+0x35299e]
V  [jvm.dll+0x352bcf]
V  [jvm.dll+0x2d3028]
V  [jvm.dll+0x2d4264]
V  [jvm.dll+0x79c741]
V  [jvm.dll+0x360791]
V  [jvm.dll+0x77a3f0]
V  [jvm.dll+0x3e4e8f]
V  [jvm.dll+0x3e6961]
C  [jli.dll+0x52fb]
C  [ucrtbase.dll+0x21bb2]
C  [KERNEL32.DLL+0x17034]
C  [ntdll.dll+0x52651]


---------------  P R O C E S S  ---------------

Threads class SMR info:
_java_thread_list=0x00007ffb8cb9cbb8, length=0, elements={
}

Java Threads: ( => current thread )

Other Threads:
  0x0000018ac5e57fe0 GCTaskThread "GC Thread#0" [stack: 0x0000007872900000,0x0000007872a00000] [id=19356]
  0x0000018ac5e68e60 ConcurrentGCThread "G1 Main Marker" [stack: 0x0000007872a00000,0x0000007872b00000] [id=1968]
  0x0000018ac5e698d0 ConcurrentGCThread "G1 Conc#0" [stack: 0x0000007872b00000,0x0000007872c00000] [id=6016]

[error occurred during error reporting (printing all threads), id 0xc0000005, EXCEPTION_ACCESS_VIOLATION (0xc0000005) at pc=0x00007ffb8c373ee7]

VM state: not at safepoint (not fully initialized)

VM Mutex/Monitor currently owned by a thread:  ([mutex/lock_event])
[0x0000018ac5e017f0] Heap_lock - owner thread: 0x0000018ac5e06c80

Heap address: 0x0000000701c00000, size: 4068 MB, Compressed Oops mode: Zero based, Oop shift amount: 3

CDS archive(s) mapped at: [0x0000000000000000-0x0000000000000000-0x0000000000000000), size 0, SharedBaseAddress: 0x0000000800000000, ArchiveRelocationMode: 0.
Narrow klass base: 0x0000000000000000, Narrow klass shift: 0, Narrow klass range: 0x0

GC Precious Log:
<Empty>

Heap:
 garbage-first heap   total 0K, used 0K [0x0000000701c00000, 0x0000000800000000)
  region size 2048K, 0 young (0K), 0 survivors (0K)

[error occurred during error reporting (printing heap information), id 0xc0000005, EXCEPTION_ACCESS_VIOLATION (0xc0000005) at pc=0x00007ffb8c751eed]

GC Heap History (0 events):
No events

Deoptimization events (0 events):
No events

Classes unloaded (0 events):
No events

Classes redefined (0 events):
No events

Internal exceptions (0 events):
No events

Events (1 events):
Event: 0.011 Loaded shared library C:\Users\farru\.jdks\openjdk-16.0.2\bin\java.dll


Dynamic libraries:
0x00007ff6a19a0000 - 0x00007ff6a19ae000 	C:\Users\farru\.jdks\openjdk-16.0.2\bin\java.exe
0x00007ffbdacf0000 - 0x00007ffbdaee5000 	C:\WINDOWS\SYSTEM32\ntdll.dll
0x00007ffbda100000 - 0x00007ffbda1bd000 	C:\WINDOWS\System32\KERNEL32.DLL
0x00007ffbd8980000 - 0x00007ffbd8c49000 	C:\WINDOWS\System32\KERNELBASE.dll
0x00007ffbd8420000 - 0x00007ffbd8520000 	C:\WINDOWS\System32\ucrtbase.dll
0x00007ffbbca60000 - 0x00007ffbbca78000 	C:\Users\farru\.jdks\openjdk-16.0.2\bin\jli.dll
0x00007ffbbca40000 - 0x00007ffbbca59000 	C:\Users\farru\.jdks\openjdk-16.0.2\bin\VCRUNTIME140.dll
0x00007ffbd9340000 - 0x00007ffbd94e0000 	C:\WINDOWS\System32\USER32.dll
0x00007ffbd8840000 - 0x00007ffbd8862000 	C:\WINDOWS\System32\win32u.dll
0x00007ffbc6ec0000 - 0x00007ffbc715a000 	C:\WINDOWS\WinSxS\amd64_microsoft.windows.common-controls_6595b64144ccf1df_6.0.19041.1110_none_60b5254171f9507e\COMCTL32.dll
0x00007ffbd8fd0000 - 0x00007ffbd8ffa000 	C:\WINDOWS\System32\GDI32.dll
0x00007ffbd8dd0000 - 0x00007ffbd8e6e000 	C:\WINDOWS\System32\msvcrt.dll
0x00007ffbd8870000 - 0x00007ffbd897b000 	C:\WINDOWS\System32\gdi32full.dll
0x00007ffbd8cb0000 - 0x00007ffbd8d4d000 	C:\WINDOWS\System32\msvcp_win.dll
0x00007ffbd8e70000 - 0x00007ffbd8ea0000 	C:\WINDOWS\System32\IMM32.DLL
0x00007ffbbdbf0000 - 0x00007ffbbdbfc000 	C:\Users\farru\.jdks\openjdk-16.0.2\bin\vcruntime140_1.dll
0x00007ffb9f910000 - 0x00007ffb9f9a1000 	C:\Users\farru\.jdks\openjdk-16.0.2\bin\msvcp140.dll
0x00007ffb8c090000 - 0x00007ffb8cc3b000 	C:\Users\farru\.jdks\openjdk-16.0.2\bin\server\jvm.dll
0x00007ffbd9550000 - 0x00007ffbd95fc000 	C:\WINDOWS\System32\ADVAPI32.dll
0x00007ffbd9fe0000 - 0x00007ffbda07b000 	C:\WINDOWS\System32\sechost.dll
0x00007ffbd8ea0000 - 0x00007ffbd8fca000 	C:\WINDOWS\System32\RPCRT4.dll
0x00007ffbda0e0000 - 0x00007ffbda0e8000 	C:\WINDOWS\System32\PSAPI.DLL
0x00007ffbcfdd0000 - 0x00007ffbcfdd9000 	C:\WINDOWS\SYSTEM32\WSOCK32.dll
0x00007ffbcb180000 - 0x00007ffbcb1a7000 	C:\WINDOWS\SYSTEM32\WINMM.dll
0x00007ffbcd980000 - 0x00007ffbcd98a000 	C:\WINDOWS\SYSTEM32\VERSION.dll
0x00007ffbd94e0000 - 0x00007ffbd954b000 	C:\WINDOWS\System32\WS2_32.dll
0x00007ffbd62f0000 - 0x00007ffbd6302000 	C:\WINDOWS\SYSTEM32\kernel.appcore.dll
0x00007ffbbd630000 - 0x00007ffbbd63a000 	C:\Users\farru\.jdks\openjdk-16.0.2\bin\jimage.dll
0x00007ffbccbc0000 - 0x00007ffbccda4000 	C:\WINDOWS\SYSTEM32\DBGHELP.DLL
0x00007ffbcb700000 - 0x00007ffbcb72c000 	C:\WINDOWS\SYSTEM32\dbgcore.DLL
0x00007ffbd8700000 - 0x00007ffbd8783000 	C:\WINDOWS\System32\bcryptPrimitives.dll
0x00007ffbbc300000 - 0x00007ffbbc30e000 	C:\Users\farru\.jdks\openjdk-16.0.2\bin\instrument.dll
0x00007ffbbc4b0000 - 0x00007ffbbc4d5000 	C:\Users\farru\.jdks\openjdk-16.0.2\bin\java.dll

dbghelp: loaded successfully - version: 4.0.5 - missing functions: none
symbol engine: initialized successfully - sym options: 0x614 - pdb path: .;C:\Users\farru\.jdks\openjdk-16.0.2\bin;C:\WINDOWS\SYSTEM32;C:\WINDOWS\WinSxS\amd64_microsoft.windows.common-controls_6595b64144ccf1df_6.0.19041.1110_none_60b5254171f9507e;C:\Users\farru\.jdks\openjdk-16.0.2\bin\server

VM Arguments:
jvm_args: -XX:TieredStopAtLevel=1 -Xverify:none -Dspring.output.ansi.enabled=always -javaagent:C:\Program Files\JetBrains\IntelliJ IDEA 2020.3.2\lib\idea_rt.jar=59670:C:\Program Files\JetBrains\IntelliJ IDEA 2020.3.2\bin -Dcom.sun.management.jmxremote -Dspring.jmx.enabled=true -Dspring.liveBeansView.mbeanDomain -Dspring.application.admin.enabled=true -Dfile.encoding=UTF-8 
java_command: com.example.pizzadelivery.PizzaDeliveryApplication
java_class_path (initial): D:\ITHS\IntelliJ Projects\PizzaDelivery\target\classes;C:\Users\farru\.m2\repository\org\springframework\boot\spring-boot-starter-data-jpa\2.5.3\spring-boot-starter-data-jpa-2.5.3.jar;C:\Users\farru\.m2\repository\org\springframework\boot\spring-boot-starter-aop\2.5.3\spring-boot-starter-aop-2.5.3.jar;C:\Users\farru\.m2\repository\org\springframework\spring-aop\5.3.9\spring-aop-5.3.9.jar;C:\Users\farru\.m2\repository\org\aspectj\aspectjweaver\1.9.7\aspectjweaver-1.9.7.jar;C:\Users\farru\.m2\repository\org\springframework\boot\spring-boot-starter-jdbc\2.5.3\spring-boot-starter-jdbc-2.5.3.jar;C:\Users\farru\.m2\repository\com\zaxxer\HikariCP\4.0.3\HikariCP-4.0.3.jar;C:\Users\farru\.m2\repository\org\springframework\spring-jdbc\5.3.9\spring-jdbc-5.3.9.jar;C:\Users\farru\.m2\repository\jakarta\transaction\jakarta.transaction-api\1.3.3\jakarta.transaction-api-1.3.3.jar;C:\Users\farru\.m2\repository\jakarta\persistence\jakarta.persistence-api\2.2.3\jakarta.persistence-api-2.2.3.jar;C:\Users\farru\.m2\repository\org\hibernate\hibernate-core\5.4.32.Final\hibernate-core-5.4.32.Final.jar;C:\Users\farru\.m2\repository\org\jboss\logging\jboss-logging\3.4.2.Final\jboss-logging-3.4.2.Final.jar;C:\Users\farru\.m2\repository\org\javassist\javassist\3.27.0-GA\javassist-3.27.0-GA.jar;C:\Users\farru\.m2\repository\net\bytebuddy\byte-buddy\1.10.22\byte-buddy-1.10.22.jar;C:\Users\farru\.m2\repository\antlr\antlr\2.7.7\antlr-2.7.7.jar;C:\Users\farru\.m2\repository\org\jboss\jandex\2.2.3.Final\jandex-2.2.3.Final.jar;C:\Users\farru\.m2\repository\org\dom4j\dom4j\2.1.3\dom4j-2.1.3.jar;C:\Users\farru\.m2\repository\org\hibernate\common\hibernate-commons-annotations\5.1.2.Final\hibernate-commons-annotations-5.1.2.Final.jar;C:\Users\farru\.m2\repository\org\glassfish\jaxb\jaxb-runtime\2.3.4\jaxb-runtime-2.3.4.jar;C:\Users\farru\.m2\repository\org\glassfish\jaxb\txw2\2.3.4\txw2-2.3.4.jar;C:\Users\farru\.m2\repository\com\sun\istack\istack-commons-runtime\3.0.12\ista
Launcher Type: SUN_STANDARD

[Global flags]
     intx CICompilerCount                          = 4                                         {product} {ergonomic}
     uint ConcGCThreads                            = 2                                         {product} {ergonomic}
     uint G1ConcRefinementThreads                  = 8                                         {product} {ergonomic}
   size_t G1HeapRegionSize                         = 2097152                                   {product} {ergonomic}
    uintx GCDrainStackTargetSize                   = 64                                        {product} {ergonomic}
   size_t InitialHeapSize                          = 268435456                                 {product} {ergonomic}
     bool ManagementServer                         = true                                      {product} {command line}
   size_t MarkStackSize                            = 4194304                                   {product} {ergonomic}
   size_t MaxHeapSize                              = 4265607168                                {product} {ergonomic}
   size_t MinHeapDeltaBytes                        = 2097152                                   {product} {ergonomic}
   size_t MinHeapSize                              = 8388608                                   {product} {ergonomic}
    uintx NonNMethodCodeHeapSize                   = 7549744                                {pd product} {ergonomic}
    uintx NonProfiledCodeHeapSize                  = 244108496                              {pd product} {ergonomic}
    uintx ProfiledCodeHeapSize                     = 0                                      {pd product} {ergonomic}
    uintx ReservedCodeCacheSize                    = 251658240                              {pd product} {ergonomic}
     bool SegmentedCodeCache                       = true                                      {product} {ergonomic}
   size_t SoftMaxHeapSize                          = 4265607168                             {manageable} {ergonomic}
     intx TieredStopAtLevel                        = 1                                         {product} {command line}
     bool UseCompressedClassPointers               = true                           {product lp64_product} {ergonomic}
     bool UseCompressedOops                        = true                           {product lp64_product} {ergonomic}
     bool UseG1GC                                  = true                                      {product} {ergonomic}
     bool UseLargePagesIndividualAllocation        = false                                  {pd product} {ergonomic}

Logging:
Log output configuration:
 #0: stdout all=warning uptime,level,tags
 #1: stderr all=off uptime,level,tags

Environment Variables:
JAVA_HOME=C:\Program Files\Java\jdk-16.0.1
PATH=C:\ProgramData\Oracle\Java\javapath;C:\Program Files (x86)\Notepad++;C:\Program Files (x86)\Common Files\Oracle\Java\javapath;C:\Program Files\Common Files\Oracle\Java\javapath;C:\Program Files (x86)\Intel\iCLS Client\;C:\Program Files\Intel\iCLS Client\;C:\WINDOWS\system32;C:\WINDOWS;C:\WINDOWS\System32\Wbem;C:\WINDOWS\System32\WindowsPowerShell\v1.0\;C:\WINDOWS\System32\OpenSSH\;C:\Program Files\Intel\Intel(R) Management Engine Components\DAL;C:\Program Files\Intel\Intel(R) Management Engine Components\IPT;C:\Program Files (x86)\Intel\Intel(R) Management Engine Components\DAL;C:\Program Files (x86)\Intel\Intel(R) Management Engine Components\IPT;C:\Program Files\Git\cmd;C:\Program Files\Intel\WiFi\bin\;C:\Program Files\Common Files\Intel\WirelessCommon\;C:\Program Files\MySQL\MySQL Utilities 1.6\;C:\Program Files\Java\jdk-16.0.1\bin;;C:\Program Files\Docker\Docker\resources\bin;C:\ProgramData\DockerDesktop\version-bin;C:\Users\farru\AppData\Local\Microsoft\WindowsApps;C:\Program Files\Java\jdk-16.0.1\bin;C:\Users\farru\AppData\Local\GitHubDesktop\bin;C:\opt\apache-maven-3.8.1\bin;C:\Users\farru\AppData\Local\Programs\Microsoft VS Code\bin;C:\Program Files\Intel\WiFi\bin\;C:\Program Files\Common Files\Intel\WirelessCommon\;C:\Program Files\JetBrains\DataGrip 2021.1\bin;;
USERNAME=farrukh
OS=Windows_NT
PROCESSOR_IDENTIFIER=Intel64 Family 6 Model 58 Stepping 9, GenuineIntel



---------------  S Y S T E M  ---------------

OS:
 Windows 10 , 64 bit Build 19041 (10.0.19041.1151)
OS uptime: 1 days 0:29 hours
Hyper-V role detected

CPU: total 8 (initial active 8) (4 cores per cpu, 2 threads per core) family 6 model 58 stepping 9 microcode 0x21, cx8, cmov, fxsr, ht, mmx, sse, sse2, sse3, ssse3, sse4.1, sse4.2, popcnt, tsc, tscinvbit, avx, aes, erms, clmul, vzeroupper, clflush, hv

Memory: 4k page, system-wide physical 16269M (4126M free)
TotalPageFile size 22818M (AvailPageFile size 156M)
current process WorkingSet (physical memory assigned to process): 10M, peak: 10M
current process commit charge ("private bytes"): 57M, peak: 313M

vm_info: OpenJDK 64-Bit Server VM (16.0.2+7-67) for windows-amd64 JRE (16.0.2+7-67), built on Jun  8 2021 23:21:43 by "mach5one" with MS VC++ 16.7 (VS2019)

END.
